0 info it worked if it ends with ok
1 verbose cli [ 'C:\\Program Files (x86)\\Nodist\\v-x64\\7.2.1\\node.exe',
1 verbose cli   'C:\\Program Files (x86)\\Nodist\\npmv\\3.10.10\\bin\\npm-cli.js',
1 verbose cli   'run',
1 verbose cli   'server' ]
2 info using npm@3.10.10
3 info using node@v7.2.1
4 verbose run-script [ 'preserver', 'server', 'postserver' ]
5 info lifecycle tsc@1.0.0~preserver: tsc@1.0.0
6 silly lifecycle tsc@1.0.0~preserver: no script for preserver, continuing
7 info lifecycle tsc@1.0.0~server: tsc@1.0.0
8 verbose lifecycle tsc@1.0.0~server: unsafe-perm in lifecycle true
9 verbose lifecycle tsc@1.0.0~server: PATH: C:\Program Files (x86)\Nodist\npmv\3.10.10\bin\node-gyp-bin;C:\Users\aaron\Documents\TSC\node_modules\.bin;C:\Program Files (x86)\Nodist\v-x64\7.2.1;C:\Program Files (x86)\Razer Chroma SDK\bin;C:\Program Files\Razer Chroma SDK\bin;C:\WINDOWS\system32;C:\WINDOWS;C:\WINDOWS\System32\Wbem;C:\WINDOWS\System32\WindowsPowerShell\v1.0\;C:\Program Files (x86)\ATI Technologies\ATI.ACE\Core-Static;C:\Program Files (x86)\NVIDIA Corporation\PhysX\Common;C:\Users\aaron\AppData\Local\Microsoft\WindowsApps;C:\WINDOWS\system32;C:\WINDOWS;C:\WINDOWS\System32\Wbem;C:\WINDOWS\System32\WindowsPowerShell\v1.0\;C:\WINDOWS\System32\OpenSSH\;C:\ProgramData\chocolatey\bin;C:\Program Files (x86)\Nodist\bin;C:\Program Files\Git\cmd;C:\Program Files (x86)\GitExtensions\;C:\Users\aaron\AppData\Local\Microsoft\WindowsApps;C:\Users\aaron\AppData\Local\atom\bin;C:\Users\aaron\AppData\Local\Microsoft\WindowsApps;;C:\Users\aaron\AppData\Local\Programs\Microsoft VS Code\bin
10 verbose lifecycle tsc@1.0.0~server: CWD: C:\Users\aaron\Documents\TSC
11 silly lifecycle tsc@1.0.0~server: Args: [ '/d /s /c', 'nodemon app.js' ]
12 silly lifecycle tsc@1.0.0~server: Returned: code: 3221225786  signal: null
13 info lifecycle tsc@1.0.0~server: Failed to exec server script
14 verbose stack Error: tsc@1.0.0 server: `nodemon app.js`
14 verbose stack Exit status 3221225786
14 verbose stack     at EventEmitter.<anonymous> (C:\Program Files (x86)\Nodist\npmv\3.10.10\lib\utils\lifecycle.js:255:16)
14 verbose stack     at emitTwo (events.js:106:13)
14 verbose stack     at EventEmitter.emit (events.js:191:7)
14 verbose stack     at ChildProcess.<anonymous> (C:\Program Files (x86)\Nodist\npmv\3.10.10\lib\utils\spawn.js:40:14)
14 verbose stack     at emitTwo (events.js:106:13)
14 verbose stack     at ChildProcess.emit (events.js:191:7)
14 verbose stack     at maybeClose (internal/child_process.js:885:16)
14 verbose stack     at Process.ChildProcess._handle.onexit (internal/child_process.js:226:5)
15 verbose pkgid tsc@1.0.0
16 verbose cwd C:\Users\aaron\Documents\TSC
17 error Windows_NT 10.0.18362
18 error argv "C:\\Program Files (x86)\\Nodist\\v-x64\\7.2.1\\node.exe" "C:\\Program Files (x86)\\Nodist\\npmv\\3.10.10\\bin\\npm-cli.js" "run" "server"
19 error node v7.2.1
20 error npm  v3.10.10
21 error code ELIFECYCLE
22 error tsc@1.0.0 server: `nodemon app.js`
22 error Exit status 3221225786
23 error Failed at the tsc@1.0.0 server script 'nodemon app.js'.
23 error Make sure you have the latest version of node.js and npm installed.
23 error If you do, this is most likely a problem with the tsc package,
23 error not with npm itself.
23 error Tell the author that this fails on your system:
23 error     nodemon app.js
23 error You can get information on how to open an issue for this project with:
23 error     npm bugs tsc
23 error Or if that isn't available, you can get their info via:
23 error     npm owner ls tsc
23 error There is likely additional logging output above.
24 verbose exit [ 1, true ]
